<?xml version="1.0" encoding="UTF-8"?>
<!-- Generated by org.testng.reporters.JUnitReportReporter -->
<testsuite hostname="Sujata-PC" failures="0" tests="2" name="mavendemo.TestNGEx" time="11.626" errors="0" timestamp="2024-05-10T07:19:03 IST" skipped="0">
  <testcase classname="mavendemo.TestNGEx" name="basicOfTestNG1" time="8.763"/>
  <testcase classname="mavendemo.TestNGEx" name="basicOfTestNG" time="2.863"/>
</testsuite> <!-- mavendemo.TestNGEx -->
