<?xml version="1.0" encoding="UTF-8"?>
<!-- Generated by org.testng.reporters.JUnitReportReporter -->
<testsuite hostname="Sujata-PC" failures="0" tests="4" name="testng.parameterization.DataProviderwithExcelHw" time="21.794" errors="0" timestamp="2024-05-12T20:58:57 IST" skipped="0">
  <testcase classname="testng.parameterization.DataProviderwithExcelHw" name="verifyParameter" time="4.917"/>
  <testcase classname="testng.parameterization.DataProviderwithExcelHw" name="verifyParameter" time="6.725"/>
  <testcase classname="testng.parameterization.DataProviderwithExcelHw" name="verifyParameter" time="5.058"/>
  <testcase classname="testng.parameterization.DataProviderwithExcelHw" name="verifyParameter" time="5.094"/>
</testsuite> <!-- testng.parameterization.DataProviderwithExcelHw -->
