<?xml version="1.0" encoding="UTF-8"?>
<!-- Generated by org.testng.reporters.JUnitReportReporter -->
<testsuite hostname="Sujata-PC" failures="0" tests="4" name="testng.parameterization.NormalDataProvider" time="21.590" errors="0" timestamp="2024-05-10T07:19:03 IST" skipped="0">
  <testcase classname="testng.parameterization.NormalDataProvider" name="verifyParameter" time="5.500"/>
  <testcase classname="testng.parameterization.NormalDataProvider" name="verifyParameter" time="5.085"/>
  <testcase classname="testng.parameterization.NormalDataProvider" name="verifyParameter" time="5.883"/>
  <testcase classname="testng.parameterization.NormalDataProvider" name="verifyParameter" time="5.122"/>
</testsuite> <!-- testng.parameterization.NormalDataProvider -->
