<?xml version="1.0" encoding="UTF-8"?>
<!-- Generated by org.testng.reporters.JUnitReportReporter -->
<testsuite hostname="Sujata-PC" failures="0" tests="4" name="testng.parameterization.DataProviderWithExcel" time="19.860" errors="0" timestamp="2024-05-10T07:19:03 IST" skipped="0">
  <testcase classname="testng.parameterization.DataProviderWithExcel" name="verifyParameter" time="4.860"/>
  <testcase classname="testng.parameterization.DataProviderWithExcel" name="verifyParameter" time="4.806"/>
  <testcase classname="testng.parameterization.DataProviderWithExcel" name="verifyParameter" time="5.076"/>
  <testcase classname="testng.parameterization.DataProviderWithExcel" name="verifyParameter" time="5.118"/>
</testsuite> <!-- testng.parameterization.DataProviderWithExcel -->
