<?xml version="1.0" encoding="UTF-8"?>
<!-- Generated by org.testng.reporters.JUnitReportReporter -->
<testsuite hostname="Sujata-PC" failures="0" tests="1" name="testng.assertion.HardAssertEx" time="3.421" errors="0" timestamp="2024-05-10T07:51:29 IST" skipped="0">
  <testcase classname="testng.assertion.HardAssertEx" name="annotationMethod1" time="3.421"/>
</testsuite> <!-- testng.assertion.HardAssertEx -->
