<?xml version="1.0" encoding="UTF-8"?>
<!-- Generated by org.testng.reporters.JUnitReportReporter -->
<testsuite hostname="Sujata-PC" failures="0" tests="5" name="testng.priority.TestCaseEx" time="0.003" errors="0" timestamp="2024-05-10T07:19:03 IST" skipped="0">
  <testcase classname="testng.priority.TestCaseEx" name="priorityMethod_A" time="0.000"/>
  <testcase classname="testng.priority.TestCaseEx" name="priorityMethod_B" time="0.000"/>
  <testcase classname="testng.priority.TestCaseEx" name="priorityMethod_E" time="0.000"/>
  <testcase classname="testng.priority.TestCaseEx" name="priorityMethod_C" time="0.001"/>
  <testcase classname="testng.priority.TestCaseEx" name="priorityMethod_D" time="0.002"/>
</testsuite> <!-- testng.priority.TestCaseEx -->
