<?xml version="1.0" encoding="UTF-8"?>
<!-- Generated by org.testng.reporters.JUnitReportReporter -->
<testsuite hostname="Sujata-PC" failures="0" tests="2" name="mavendemo.TestNGEx" time="12.394" errors="0" timestamp="2024-05-03T02:21:41 IST" skipped="0">
  <testcase classname="mavendemo.TestNGEx" name="basicOfTestNG1" time="7.898"/>
  <testcase classname="mavendemo.TestNGEx" name="basicOfTestNG" time="4.496"/>
</testsuite> <!-- mavendemo.TestNGEx -->
